<?xml version="1.0" encoding="UTF-8"?>
<!-- Generated by org.testng.reporters.JUnitReportReporter -->
<testsuite hostname="PPP-PC" name="anttest.helloworld" tests="1" failures="0" timestamp="30 Oct 2014 06:10:58 GMT" time="0.005" errors="0">
  <testcase name="testecho" time="0.005" classname="anttest.helloworld"/>
</testsuite> <!-- anttest.helloworld -->
